<?xml version="1.0" encoding="UTF-8"?>
<testsuite name="DollarADayTest" tests="2" skipped="0" failures="0" errors="0" timestamp="2023-11-26T22:39:21" hostname="MYLAPTOP" time="0.018">
  <properties/>
  <testcase name="assert_correct_value_returned()" classname="DollarADayTest" time="0.017"/>
  <testcase name="throws_zero_error()" classname="DollarADayTest" time="0.001"/>
  <system-out><![CDATA[]]></system-out>
  <system-err><![CDATA[]]></system-err>
</testsuite>
