<?xml version="1.0" encoding="UTF-8"?>
<testsuite name="DollarADayTest" tests="1" skipped="0" failures="0" errors="0" timestamp="2023-11-24T15:55:35" hostname="MYLAPTOP" time="0.026">
  <properties/>
  <testcase name="assert_correct_value_returned()" classname="DollarADayTest" time="0.026"/>
  <system-out><![CDATA[]]></system-out>
  <system-err><![CDATA[]]></system-err>
</testsuite>
